RXSDK/RXSDK-Android/channel/rxsdk_xiaomi/build/intermediates/manifest_merge_blame_file/debug/manifest-merger-blame-debug-report.txt
1<?xml version="1.0" encoding="utf-8"?>
2<manifest xmlns:android="http://schemas.android.com/apk/res/android"
3    package="com.ruixue.xiaomi" >
4
5    <uses-sdk android:minSdkVersion="21" />
5-->src/main/AndroidManifest.xml
6
7    <uses-permission android:name="android.permission.ACCESS_NETWORK_STATE" />
7-->src/main/AndroidManifest.xml:5:5-79
7-->src/main/AndroidManifest.xml:5:22-76
8    <uses-permission android:name="android.permission.ACCESS_WIFI_STATE" />
8-->src/main/AndroidManifest.xml:6:5-76
8-->src/main/AndroidManifest.xml:6:22-73
9    <uses-permission android:name="android.permission.READ_PHONE_STATE" />
9-->src/main/AndroidManifest.xml:7:5-75
9-->src/main/AndroidManifest.xml:7:22-72
10    <uses-permission android:name="android.permission.INTERNET" />
10-->src/main/AndroidManifest.xml:8:5-67
10-->src/main/AndroidManifest.xml:8:22-64
11    <uses-permission android:name="com.xiaomi.sdk.permission.PAYMENT" />
11-->src/main/AndroidManifest.xml:9:5-73
11-->src/main/AndroidManifest.xml:9:22-70
12    <uses-permission android:name="com.xiaomi.permission.AUTH_SERVICE" />
12-->src/main/AndroidManifest.xml:10:5-74
12-->src/main/AndroidManifest.xml:10:22-71
13    <uses-permission android:name="android.permission.REQUEST_INSTALL_PACKAGES" />
13-->src/main/AndroidManifest.xml:11:5-83
13-->src/main/AndroidManifest.xml:11:22-80
14
15    <!-- Xiaomi SDK Need -->
16    <queries>
16-->src/main/AndroidManifest.xml:14:5-24:15
17        <package android:name="com.xiaomi.gamecenter" />
17-->src/main/AndroidManifest.xml:15:9-57
17-->src/main/AndroidManifest.xml:15:18-54
18        <package android:name="com.xiaomi.gamecenter.sdk.service" />
18-->src/main/AndroidManifest.xml:16:9-69
18-->src/main/AndroidManifest.xml:16:18-66
19        <package android:name="com.eg.android.AlipayGphone" />
19-->src/main/AndroidManifest.xml:17:9-63
19-->src/main/AndroidManifest.xml:17:18-60
20        <package android:name="com.tencent.mm" />
20-->src/main/AndroidManifest.xml:18:9-50
20-->src/main/AndroidManifest.xml:18:18-47
21        <package android:name="com.tencent.mobileqq" />
21-->src/main/AndroidManifest.xml:19:9-56
21-->src/main/AndroidManifest.xml:19:18-53
22        <package android:name="com.sina.weibo" />
22-->src/main/AndroidManifest.xml:20:9-50
22-->src/main/AndroidManifest.xml:20:18-47
23        <package android:name="com.miui.cloudservice" />
23-->src/main/AndroidManifest.xml:21:9-57
23-->src/main/AndroidManifest.xml:21:18-54
24        <package android:name="com.xiaomi.xmsf" />
24-->src/main/AndroidManifest.xml:22:9-51
24-->src/main/AndroidManifest.xml:22:18-48
25        <package android:name="com.miui.securitycenter" />
25-->src/main/AndroidManifest.xml:23:9-59
25-->src/main/AndroidManifest.xml:23:18-56
26    </queries>
27
28    <application>
28-->src/main/AndroidManifest.xml:26:5-120:19
29
30        <!-- 注意前缀mi_必须添加 -->
31        <meta-data
31-->src/main/AndroidManifest.xml:28:9-30:47
32            android:name="miGameAppId"
32-->src/main/AndroidManifest.xml:29:13-39
33            android:value="mi_${MI_APP_ID}" />
33-->src/main/AndroidManifest.xml:30:13-44
34        <meta-data
34-->src/main/AndroidManifest.xml:31:9-33:48
35            android:name="miGameAppKey"
35-->src/main/AndroidManifest.xml:32:13-40
36            android:value="mi_${MI_APP_KEY}" />
36-->src/main/AndroidManifest.xml:33:13-45
37
38        <provider
38-->src/main/AndroidManifest.xml:35:9-39:40
39            android:name="com.xiaomi.gamecenter.sdk.MiOauthProvider"
39-->src/main/AndroidManifest.xml:36:13-69
40            android:authorities="${applicationId}.mi_provider"
40-->src/main/AndroidManifest.xml:37:13-63
41            android:enabled="true"
41-->src/main/AndroidManifest.xml:38:13-35
42            android:exported="false" />
42-->src/main/AndroidManifest.xml:39:13-37
43
44        <!-- &lt;!&ndash; Xiaomi SDK Need &ndash;&gt; -->
45        <!-- <meta-data -->
46        <!-- android:name="notch.config" -->
47        <!-- android:value="portrait|landscape" /> -->
48
49
50        <!-- <activity -->
51        <!-- android:name="com.xiaomi.gamecenter.sdk.ui.MiActivity" -->
52        <!-- android:configChanges="orientation|screenSize" -->
53        <!-- android:screenOrientation="behind" -->
54        <!-- android:theme="@android:style/Theme.Translucent.NoTitleBar" /> -->
55        <!-- <activity -->
56        <!-- android:name="com.xiaomi.gamecenter.sdk.ui.PayListActivity" -->
57        <!-- android:configChanges="orientation|screenSize" -->
58        <!-- android:exported="true" -->
59        <!-- android:theme="@android:style/Theme.Translucent.NoTitleBar" /> -->
60        <!-- <activity -->
61        <!-- android:name="com.xiaomi.hy.dj.HyDjActivity" -->
62        <!-- android:configChanges="orientation|screenSize" -->
63        <!-- android:exported="true" -->
64        <!-- android:theme="@android:style/Theme.Translucent.NoTitleBar" /> -->
65        <!-- <activity -->
66        <!-- android:name="com.alipay.sdk.app.H5PayActivity" -->
67        <!-- android:configChanges="orientation|keyboardHidden|navigation|screenSize" -->
68        <!-- android:exported="false" -->
69        <!-- android:screenOrientation="behind" -->
70        <!-- android:windowSoftInputMode="adjustResize|stateHidden" /> -->
71        <!-- &lt;!&ndash;不支持${applicationId}的请替换为包名&ndash;&gt; -->
72
73
74        <!-- <provider -->
75        <!-- android:name="com.xiaomi.gamecenter.sdk.utils.MiFileProvider" -->
76        <!-- android:authorities="${applicationId}.mi_fileprovider" -->
77        <!-- android:exported="false" -->
78        <!-- android:grantUriPermissions="true"> -->
79        <!-- <meta-data -->
80        <!-- android:name="android.support.FILE_PROVIDER_PATHS" -->
81        <!-- android:resource="@xml/mio_file_paths" /> -->
82        <!-- </provider> -->
83
84
85        <!-- <activity -->
86        <!-- android:name="com.xiaomi.gamecenter.sdk.ui.fault.ViewFaultNoticeActivity" -->
87        <!-- android:configChanges="orientation|screenSize" -->
88        <!-- android:excludeFromRecents="true" -->
89        <!-- android:screenOrientation="behind" -->
90        <!-- android:theme="@android:style/Theme.Translucent.NoTitleBar.Fullscreen" /> -->
91
92
93        <!-- <activity -->
94        <!-- android:name="com.xiaomi.gamecenter.sdk.ui.notice.NoticeActivity" -->
95        <!-- android:configChanges="orientation|screenSize" -->
96        <!-- android:excludeFromRecents="true" -->
97        <!-- android:screenOrientation="behind" -->
98        <!-- android:theme="@android:style/Theme.Translucent.NoTitleBar.Fullscreen" /> -->
99
100
101        <!-- <activity -->
102        <!-- android:name="com.xiaomi.gamecenter.sdk.anti.ui.MiAntiAlertActivity" -->
103        <!-- android:configChanges="orientation|screenSize" -->
104        <!-- android:excludeFromRecents="true" -->
105        <!-- android:screenOrientation="behind" -->
106        <!-- android:theme="@android:style/Theme.Translucent.NoTitleBar"> -->
107        <!-- <intent-filter> -->
108        <!-- <data -->
109        <!-- android:host="open_anti_alert" -->
110        <!-- android:scheme="mioauthsdk" /> -->
111        <!-- <category android:name="android.intent.category.DEFAULT" /> -->
112        <!-- <action android:name="android.intent.action.VIEW" /> -->
113        <!-- </intent-filter> -->
114        <!-- </activity> -->
115        <!-- <activity -->
116        <!-- android:name="com.xiaomi.gamecenter.sdk.ui.MiPayAntiActivity" -->
117        <!-- android:configChanges="orientation|screenSize" -->
118        <!-- android:screenOrientation="behind" -->
119        <!-- android:theme="@android:style/Theme.Translucent.NoTitleBar" /> -->
120
121
122        <!-- <activity -->
123        <!-- android:name="com.xiaomi.gamecenter.sdk.ui.MiVerifyActivity" -->
124        <!-- android:configChanges="orientation|screenSize" -->
125        <!-- android:screenOrientation="behind" -->
126        <!-- android:theme="@android:style/Theme.Translucent.NoTitleBar" /> -->
127
128
129        <!-- &lt;!&ndash; Xiaomi SDK Need End&ndash;&gt; -->
130    </application>
131
132</manifest>